<?xml version="1.0" encoding="UTF-8"?>
<testng-results total="3" passed="3" failed="0" skipped="0">
  <reporter-output>
  </reporter-output>
  <suite started-at="2024-06-17T11:41:54Z" name="Default suite" finished-at="2024-06-17T11:41:54Z" duration-ms="25">
    <groups>
    </groups>
    <test started-at="2024-06-17T11:41:54Z" name="Default test" finished-at="2024-06-17T11:41:54Z" duration-ms="25">
      <class name="com.epam.test.TestOne">
        <test-method signature="testM()[pri:0, instance:com.epam.test.TestOne@12359a82]" started-at="2024-06-17T17:11:54Z" name="testM" finished-at="2024-06-17T17:11:54Z" duration-ms="10" status="PASS">
          <reporter-output>
          </reporter-output>
        </test-method> <!-- testM -->
        <test-method signature="testMultiply()[pri:0, instance:com.epam.test.TestOne@12359a82]" started-at="2024-06-17T17:11:54Z" name="testMultiply" finished-at="2024-06-17T17:11:54Z" duration-ms="3" status="PASS">
          <reporter-output>
          </reporter-output>
        </test-method> <!-- testMultiply -->
        <test-method signature="testSubtract()[pri:0, instance:com.epam.test.TestOne@12359a82]" started-at="2024-06-17T17:11:54Z" name="testSubtract" finished-at="2024-06-17T17:11:54Z" duration-ms="0" status="PASS">
          <reporter-output>
          </reporter-output>
        </test-method> <!-- testSubtract -->
      </class> <!-- com.epam.test.TestOne -->
    </test> <!-- Default test -->
  </suite> <!-- Default suite -->
</testng-results>
